<?xml version="1.0" encoding="UTF-8"?>
<!-- Generated by org.testng.reporters.JUnitReportReporter -->
<testsuite hostname="DESKTOP-I2EN5JV" failures="0" tests="2" name="E_Commerce.Project_1.Test_Case_6" time="237.372" errors="0" timestamp="2024-07-17T18:01:33 IST" skipped="0">
  <testcase classname="E_Commerce.Project_1.Test_Case_6" name="search_product_with_filter" time="121.679"/>
  <system-out/>
  <testcase classname="E_Commerce.Project_1.Test_Case_6" name="search_product_with_filter" time="115.693"/>
  <system-out/>
</testsuite> <!-- E_Commerce.Project_1.Test_Case_6 -->
